app/build - Copy/intermediates/manifest_merge_blame_file/debug/processDebugMainManifest/manifest-merger-blame-debug-report.txt
1<?xml version="1.0" encoding="utf-8"?>
2<manifest xmlns:android="http://schemas.android.com/apk/res/android"
3    package="com.example.proffpresenceapp"
4    android:versionCode="1"
5    android:versionName="1.0" >
6
7    <uses-sdk
8        android:minSdkVersion="26"
9        android:targetSdkVersion="34" />
10
11    <!-- Hardware features -->
12    <uses-feature
12-->src\main\AndroidManifest.xml:6:5-8:36
13        android:name="android.hardware.camera"
13-->src\main\AndroidManifest.xml:7:9-47
14        android:required="false" />
14-->src\main\AndroidManifest.xml:8:9-33
15
16    <!-- Permissions -->
17    <uses-permission android:name="android.permission.INTERNET" />
17-->src\main\AndroidManifest.xml:11:5-67
17-->src\main\AndroidManifest.xml:11:22-64
18    <uses-permission android:name="android.permission.CAMERA" />
18-->src\main\AndroidManifest.xml:12:5-65
18-->src\main\AndroidManifest.xml:12:22-62
19    <uses-permission android:name="android.permission.POST_NOTIFICATIONS" />
19-->src\main\AndroidManifest.xml:13:5-77
19-->src\main\AndroidManifest.xml:13:22-74
20    <uses-permission android:name="android.permission.ACCESS_COARSE_LOCATION" />
20-->src\main\AndroidManifest.xml:14:5-81
20-->src\main\AndroidManifest.xml:14:22-78
21    <uses-permission android:name="android.permission.ACCESS_FINE_LOCATION" />
21-->src\main\AndroidManifest.xml:15:5-79
21-->src\main\AndroidManifest.xml:15:22-76
22    <!-- Background location (only once) -->
23    <uses-permission
23-->src\main\AndroidManifest.xml:17:5-19:38
24        android:name="android.permission.ACCESS_BACKGROUND_LOCATION"
24-->src\main\AndroidManifest.xml:18:9-69
25        android:maxSdkVersion="34" />
25-->src\main\AndroidManifest.xml:19:9-35
26    <uses-permission android:name="android.permission.ACCESS_NETWORK_STATE" />
26-->[com.google.firebase:firebase-auth:23.0.0] AndroidManifest.xml:26:5-79
26-->[com.google.firebase:firebase-auth:23.0.0] AndroidManifest.xml:26:22-76
27    <uses-permission android:name="com.google.android.providers.gsf.permission.READ_GSERVICES" />
27-->[com.google.android.recaptcha:recaptcha:18.4.0] AndroidManifest.xml:9:5-98
27-->[com.google.android.recaptcha:recaptcha:18.4.0] AndroidManifest.xml:9:22-95
28
29    <permission
29-->[androidx.core:core:1.13.1] AndroidManifest.xml:22:5-24:47
30        android:name="com.example.proffpresenceapp.DYNAMIC_RECEIVER_NOT_EXPORTED_PERMISSION"
30-->[androidx.core:core:1.13.1] AndroidManifest.xml:23:9-81
31        android:protectionLevel="signature" />
31-->[androidx.core:core:1.13.1] AndroidManifest.xml:24:9-44
32
33    <uses-permission android:name="com.example.proffpresenceapp.DYNAMIC_RECEIVER_NOT_EXPORTED_PERMISSION" />
33-->[androidx.core:core:1.13.1] AndroidManifest.xml:26:5-97
33-->[androidx.core:core:1.13.1] AndroidManifest.xml:26:22-94
34
35    <application
35-->src\main\AndroidManifest.xml:21:5-49:19
36        android:allowBackup="true"
36-->src\main\AndroidManifest.xml:22:9-35
37        android:appComponentFactory="androidx.core.app.CoreComponentFactory"
37-->[androidx.core:core:1.13.1] AndroidManifest.xml:28:18-86
38        android:debuggable="true"
39        android:extractNativeLibs="false"
40        android:icon="@drawable/logo1"
40-->src\main\AndroidManifest.xml:23:9-39
41        android:label="Proff-Presence"
41-->src\main\AndroidManifest.xml:24:9-39
42        android:supportsRtl="true"
42-->src\main\AndroidManifest.xml:25:9-35
43        android:testOnly="true"
44        android:theme="@style/Theme.Material3.DayNight.NoActionBar" >
44-->src\main\AndroidManifest.xml:26:9-68
45
46        <!-- Launcher: Login first -->
47        <activity
47-->src\main\AndroidManifest.xml:29:9-36:20
48            android:name="com.example.proffpresenceapp.ui.LoginActivity"
48-->src\main\AndroidManifest.xml:30:13-45
49            android:exported="true" >
49-->src\main\AndroidManifest.xml:31:13-36
50            <intent-filter>
50-->src\main\AndroidManifest.xml:32:13-35:29
51                <action android:name="android.intent.action.MAIN" />
51-->src\main\AndroidManifest.xml:33:17-69
51-->src\main\AndroidManifest.xml:33:25-66
52
53                <category android:name="android.intent.category.LAUNCHER" />
53-->src\main\AndroidManifest.xml:34:17-77
53-->src\main\AndroidManifest.xml:34:27-74
54            </intent-filter>
55        </activity>
56
57        <!-- App screens -->
58        <activity
58-->src\main\AndroidManifest.xml:39:9-78
59            android:name="com.example.proffpresenceapp.ui.MainActivity"
59-->src\main\AndroidManifest.xml:39:19-50
60            android:exported="false" />
60-->src\main\AndroidManifest.xml:39:51-75
61        <activity
61-->src\main\AndroidManifest.xml:40:9-86
62            android:name="com.example.proffpresenceapp.ui.RegisterFaceActivity"
62-->src\main\AndroidManifest.xml:40:19-58
63            android:exported="false" />
63-->src\main\AndroidManifest.xml:40:59-83
64        <activity
64-->src\main\AndroidManifest.xml:41:9-82
65            android:name="com.example.proffpresenceapp.ui.LivenessActivity"
65-->src\main\AndroidManifest.xml:41:19-54
66            android:exported="false" />
66-->src\main\AndroidManifest.xml:41:55-79
67        <activity
67-->src\main\AndroidManifest.xml:42:9-89
68            android:name="com.example.proffpresenceapp.ui.FaceRecognitionActivity"
68-->src\main\AndroidManifest.xml:42:19-61
69            android:exported="false" />
69-->src\main\AndroidManifest.xml:42:62-86
70        <activity
70-->src\main\AndroidManifest.xml:43:9-80
71            android:name="com.example.proffpresenceapp.ui.SignupActivity"
71-->src\main\AndroidManifest.xml:43:19-52
72            android:exported="false" />
72-->src\main\AndroidManifest.xml:43:53-77
73
74        <!-- Geofence receiver: explicit, no intent-filter -->
75        <receiver
75-->src\main\AndroidManifest.xml:46:9-48:40
76            android:name="com.example.proffpresenceapp.ui.geo.GeofenceReceiver"
76-->src\main\AndroidManifest.xml:47:13-52
77            android:exported="false" />
77-->src\main\AndroidManifest.xml:48:13-37
78
79        <service
79-->[androidx.camera:camera-camera2:1.3.4] AndroidManifest.xml:24:9-33:19
80            android:name="androidx.camera.core.impl.MetadataHolderService"
80-->[androidx.camera:camera-camera2:1.3.4] AndroidManifest.xml:25:13-75
81            android:enabled="false"
81-->[androidx.camera:camera-camera2:1.3.4] AndroidManifest.xml:26:13-36
82            android:exported="false" >
82-->[androidx.camera:camera-camera2:1.3.4] AndroidManifest.xml:27:13-37
83            <meta-data
83-->[androidx.camera:camera-camera2:1.3.4] AndroidManifest.xml:30:13-32:89
84                android:name="androidx.camera.core.impl.MetadataHolderService.DEFAULT_CONFIG_PROVIDER"
84-->[androidx.camera:camera-camera2:1.3.4] AndroidManifest.xml:31:17-103
85                android:value="androidx.camera.camera2.Camera2Config$DefaultProvider" />
85-->[androidx.camera:camera-camera2:1.3.4] AndroidManifest.xml:32:17-86
86        </service>
87        <service
87-->[com.google.android.gms:play-services-mlkit-face-detection:17.1.0] AndroidManifest.xml:9:9-15:19
88            android:name="com.google.mlkit.common.internal.MlKitComponentDiscoveryService"
88-->[com.google.android.gms:play-services-mlkit-face-detection:17.1.0] AndroidManifest.xml:10:13-91
89            android:directBootAware="true"
89-->[com.google.mlkit:common:18.10.0] AndroidManifest.xml:17:13-43
90            android:exported="false" >
90-->[com.google.android.gms:play-services-mlkit-face-detection:17.1.0] AndroidManifest.xml:11:13-37
91            <meta-data
91-->[com.google.android.gms:play-services-mlkit-face-detection:17.1.0] AndroidManifest.xml:12:13-14:85
92                android:name="com.google.firebase.components:com.google.mlkit.vision.face.internal.FaceRegistrar"
92-->[com.google.android.gms:play-services-mlkit-face-detection:17.1.0] AndroidManifest.xml:13:17-114
93                android:value="com.google.firebase.components.ComponentRegistrar" />
93-->[com.google.android.gms:play-services-mlkit-face-detection:17.1.0] AndroidManifest.xml:14:17-82
94            <meta-data
94-->[com.google.mlkit:vision-common:17.2.0] AndroidManifest.xml:12:13-14:85
95                android:name="com.google.firebase.components:com.google.mlkit.vision.common.internal.VisionCommonRegistrar"
95-->[com.google.mlkit:vision-common:17.2.0] AndroidManifest.xml:13:17-124
96                android:value="com.google.firebase.components.ComponentRegistrar" />
96-->[com.google.mlkit:vision-common:17.2.0] AndroidManifest.xml:14:17-82
97            <meta-data
97-->[com.google.mlkit:common:18.10.0] AndroidManifest.xml:20:13-22:85
98                android:name="com.google.firebase.components:com.google.mlkit.common.internal.CommonComponentRegistrar"
98-->[com.google.mlkit:common:18.10.0] AndroidManifest.xml:21:17-120
99                android:value="com.google.firebase.components.ComponentRegistrar" />
99-->[com.google.mlkit:common:18.10.0] AndroidManifest.xml:22:17-82
100        </service>
101
102        <provider
102-->[com.google.mlkit:common:18.10.0] AndroidManifest.xml:9:9-13:38
103            android:name="com.google.mlkit.common.internal.MlKitInitProvider"
103-->[com.google.mlkit:common:18.10.0] AndroidManifest.xml:10:13-78
104            android:authorities="com.example.proffpresenceapp.mlkitinitprovider"
104-->[com.google.mlkit:common:18.10.0] AndroidManifest.xml:11:13-69
105            android:exported="false"
105-->[com.google.mlkit:common:18.10.0] AndroidManifest.xml:12:13-37
106            android:initOrder="99" />
106-->[com.google.mlkit:common:18.10.0] AndroidManifest.xml:13:13-35
107        <provider
107-->[androidx.emoji2:emoji2:1.3.0] AndroidManifest.xml:24:9-32:20
108            android:name="androidx.startup.InitializationProvider"
108-->[androidx.emoji2:emoji2:1.3.0] AndroidManifest.xml:25:13-67
109            android:authorities="com.example.proffpresenceapp.androidx-startup"
109-->[androidx.emoji2:emoji2:1.3.0] AndroidManifest.xml:26:13-68
110            android:exported="false" >
110-->[androidx.emoji2:emoji2:1.3.0] AndroidManifest.xml:27:13-37
111            <meta-data
111-->[androidx.emoji2:emoji2:1.3.0] AndroidManifest.xml:29:13-31:52
112                android:name="androidx.emoji2.text.EmojiCompatInitializer"
112-->[androidx.emoji2:emoji2:1.3.0] AndroidManifest.xml:30:17-75
113                android:value="androidx.startup" />
113-->[androidx.emoji2:emoji2:1.3.0] AndroidManifest.xml:31:17-49
114            <meta-data
114-->[androidx.lifecycle:lifecycle-process:2.6.2] AndroidManifest.xml:29:13-31:52
115                android:name="androidx.lifecycle.ProcessLifecycleInitializer"
115-->[androidx.lifecycle:lifecycle-process:2.6.2] AndroidManifest.xml:30:17-78
116                android:value="androidx.startup" />
116-->[androidx.lifecycle:lifecycle-process:2.6.2] AndroidManifest.xml:31:17-49
117            <meta-data
117-->[androidx.profileinstaller:profileinstaller:1.3.1] AndroidManifest.xml:29:13-31:52
118                android:name="androidx.profileinstaller.ProfileInstallerInitializer"
118-->[androidx.profileinstaller:profileinstaller:1.3.1] AndroidManifest.xml:30:17-85
119                android:value="androidx.startup" />
119-->[androidx.profileinstaller:profileinstaller:1.3.1] AndroidManifest.xml:31:17-49
120        </provider>
121
122        <activity
122-->[com.google.firebase:firebase-auth:23.0.0] AndroidManifest.xml:29:9-46:20
123            android:name="com.google.firebase.auth.internal.GenericIdpActivity"
123-->[com.google.firebase:firebase-auth:23.0.0] AndroidManifest.xml:30:13-80
124            android:excludeFromRecents="true"
124-->[com.google.firebase:firebase-auth:23.0.0] AndroidManifest.xml:31:13-46
125            android:exported="true"
125-->[com.google.firebase:firebase-auth:23.0.0] AndroidManifest.xml:32:13-36
126            android:launchMode="singleTask"
126-->[com.google.firebase:firebase-auth:23.0.0] AndroidManifest.xml:33:13-44
127            android:theme="@android:style/Theme.Translucent.NoTitleBar" >
127-->[com.google.firebase:firebase-auth:23.0.0] AndroidManifest.xml:34:13-72
128            <intent-filter>
128-->[com.google.firebase:firebase-auth:23.0.0] AndroidManifest.xml:35:13-45:29
129                <action android:name="android.intent.action.VIEW" />
129-->[com.google.firebase:firebase-auth:23.0.0] AndroidManifest.xml:36:17-69
129-->[com.google.firebase:firebase-auth:23.0.0] AndroidManifest.xml:36:25-66
130
131                <category android:name="android.intent.category.DEFAULT" />
131-->[com.google.firebase:firebase-auth:23.0.0] AndroidManifest.xml:38:17-76
131-->[com.google.firebase:firebase-auth:23.0.0] AndroidManifest.xml:38:27-73
132                <category android:name="android.intent.category.BROWSABLE" />
132-->[com.google.firebase:firebase-auth:23.0.0] AndroidManifest.xml:39:17-78
132-->[com.google.firebase:firebase-auth:23.0.0] AndroidManifest.xml:39:27-75
133
134                <data
134-->[com.google.firebase:firebase-auth:23.0.0] AndroidManifest.xml:41:17-44:51
135                    android:host="firebase.auth"
135-->[com.google.firebase:firebase-auth:23.0.0] AndroidManifest.xml:42:21-49
136                    android:path="/"
136-->[com.google.firebase:firebase-auth:23.0.0] AndroidManifest.xml:43:21-37
137                    android:scheme="genericidp" />
137-->[com.google.firebase:firebase-auth:23.0.0] AndroidManifest.xml:44:21-48
138            </intent-filter>
139        </activity>
140        <activity
140-->[com.google.firebase:firebase-auth:23.0.0] AndroidManifest.xml:47:9-64:20
141            android:name="com.google.firebase.auth.internal.RecaptchaActivity"
141-->[com.google.firebase:firebase-auth:23.0.0] AndroidManifest.xml:48:13-79
142            android:excludeFromRecents="true"
142-->[com.google.firebase:firebase-auth:23.0.0] AndroidManifest.xml:49:13-46
143            android:exported="true"
143-->[com.google.firebase:firebase-auth:23.0.0] AndroidManifest.xml:50:13-36
144            android:launchMode="singleTask"
144-->[com.google.firebase:firebase-auth:23.0.0] AndroidManifest.xml:51:13-44
145            android:theme="@android:style/Theme.Translucent.NoTitleBar" >
145-->[com.google.firebase:firebase-auth:23.0.0] AndroidManifest.xml:52:13-72
146            <intent-filter>
146-->[com.google.firebase:firebase-auth:23.0.0] AndroidManifest.xml:53:13-63:29
147                <action android:name="android.intent.action.VIEW" />
147-->[com.google.firebase:firebase-auth:23.0.0] AndroidManifest.xml:36:17-69
147-->[com.google.firebase:firebase-auth:23.0.0] AndroidManifest.xml:36:25-66
148
149                <category android:name="android.intent.category.DEFAULT" />
149-->[com.google.firebase:firebase-auth:23.0.0] AndroidManifest.xml:38:17-76
149-->[com.google.firebase:firebase-auth:23.0.0] AndroidManifest.xml:38:27-73
150                <category android:name="android.intent.category.BROWSABLE" />
150-->[com.google.firebase:firebase-auth:23.0.0] AndroidManifest.xml:39:17-78
150-->[com.google.firebase:firebase-auth:23.0.0] AndroidManifest.xml:39:27-75
151
152                <data
152-->[com.google.firebase:firebase-auth:23.0.0] AndroidManifest.xml:41:17-44:51
153                    android:host="firebase.auth"
153-->[com.google.firebase:firebase-auth:23.0.0] AndroidManifest.xml:42:21-49
154                    android:path="/"
154-->[com.google.firebase:firebase-auth:23.0.0] AndroidManifest.xml:43:21-37
155                    android:scheme="recaptcha" />
155-->[com.google.firebase:firebase-auth:23.0.0] AndroidManifest.xml:44:21-48
156            </intent-filter>
157        </activity>
158
159        <service
159-->[com.google.firebase:firebase-auth:23.0.0] AndroidManifest.xml:66:9-72:19
160            android:name="com.google.firebase.components.ComponentDiscoveryService"
160-->[com.google.firebase:firebase-auth:23.0.0] AndroidManifest.xml:67:13-84
161            android:directBootAware="true"
161-->[com.google.firebase:firebase-common:21.0.0] AndroidManifest.xml:32:13-43
162            android:exported="false" >
162-->[com.google.firebase:firebase-auth:23.0.0] AndroidManifest.xml:68:13-37
163            <meta-data
163-->[com.google.firebase:firebase-auth:23.0.0] AndroidManifest.xml:69:13-71:85
164                android:name="com.google.firebase.components:com.google.firebase.auth.FirebaseAuthRegistrar"
164-->[com.google.firebase:firebase-auth:23.0.0] AndroidManifest.xml:70:17-109
165                android:value="com.google.firebase.components.ComponentRegistrar" />
165-->[com.google.firebase:firebase-auth:23.0.0] AndroidManifest.xml:71:17-82
166            <meta-data
166-->[com.google.firebase:firebase-database:21.0.0] AndroidManifest.xml:29:13-31:85
167                android:name="com.google.firebase.components:com.google.firebase.database.FirebaseDatabaseKtxRegistrar"
167-->[com.google.firebase:firebase-database:21.0.0] AndroidManifest.xml:30:17-120
168                android:value="com.google.firebase.components.ComponentRegistrar" />
168-->[com.google.firebase:firebase-database:21.0.0] AndroidManifest.xml:31:17-82
169            <meta-data
169-->[com.google.firebase:firebase-database:21.0.0] AndroidManifest.xml:32:13-34:85
170                android:name="com.google.firebase.components:com.google.firebase.database.DatabaseRegistrar"
170-->[com.google.firebase:firebase-database:21.0.0] AndroidManifest.xml:33:17-109
171                android:value="com.google.firebase.components.ComponentRegistrar" />
171-->[com.google.firebase:firebase-database:21.0.0] AndroidManifest.xml:34:17-82
172            <meta-data
172-->[com.google.firebase:firebase-common-ktx:21.0.0] AndroidManifest.xml:12:13-14:85
173                android:name="com.google.firebase.components:com.google.firebase.ktx.FirebaseCommonLegacyRegistrar"
173-->[com.google.firebase:firebase-common-ktx:21.0.0] AndroidManifest.xml:13:17-116
174                android:value="com.google.firebase.components.ComponentRegistrar" />
174-->[com.google.firebase:firebase-common-ktx:21.0.0] AndroidManifest.xml:14:17-82
175            <meta-data
175-->[com.google.firebase:firebase-common:21.0.0] AndroidManifest.xml:35:13-37:85
176                android:name="com.google.firebase.components:com.google.firebase.FirebaseCommonKtxRegistrar"
176-->[com.google.firebase:firebase-common:21.0.0] AndroidManifest.xml:36:17-109
177                android:value="com.google.firebase.components.ComponentRegistrar" />
177-->[com.google.firebase:firebase-common:21.0.0] AndroidManifest.xml:37:17-82
178        </service>
179        <service
179-->[androidx.credentials:credentials-play-services-auth:1.2.0-rc01] AndroidManifest.xml:24:9-32:19
180            android:name="androidx.credentials.playservices.CredentialProviderMetadataHolder"
180-->[androidx.credentials:credentials-play-services-auth:1.2.0-rc01] AndroidManifest.xml:25:13-94
181            android:enabled="true"
181-->[androidx.credentials:credentials-play-services-auth:1.2.0-rc01] AndroidManifest.xml:26:13-35
182            android:exported="false" >
182-->[androidx.credentials:credentials-play-services-auth:1.2.0-rc01] AndroidManifest.xml:27:13-37
183            <meta-data
183-->[androidx.credentials:credentials-play-services-auth:1.2.0-rc01] AndroidManifest.xml:29:13-31:104
184                android:name="androidx.credentials.CREDENTIAL_PROVIDER_KEY"
184-->[androidx.credentials:credentials-play-services-auth:1.2.0-rc01] AndroidManifest.xml:30:17-76
185                android:value="androidx.credentials.playservices.CredentialProviderPlayServicesImpl" />
185-->[androidx.credentials:credentials-play-services-auth:1.2.0-rc01] AndroidManifest.xml:31:17-101
186        </service>
187
188        <activity
188-->[androidx.credentials:credentials-play-services-auth:1.2.0-rc01] AndroidManifest.xml:34:9-41:20
189            android:name="androidx.credentials.playservices.HiddenActivity"
189-->[androidx.credentials:credentials-play-services-auth:1.2.0-rc01] AndroidManifest.xml:35:13-76
190            android:configChanges="orientation|screenSize|screenLayout|keyboardHidden"
190-->[androidx.credentials:credentials-play-services-auth:1.2.0-rc01] AndroidManifest.xml:36:13-87
191            android:enabled="true"
191-->[androidx.credentials:credentials-play-services-auth:1.2.0-rc01] AndroidManifest.xml:37:13-35
192            android:exported="false"
192-->[androidx.credentials:credentials-play-services-auth:1.2.0-rc01] AndroidManifest.xml:38:13-37
193            android:fitsSystemWindows="true"
193-->[androidx.credentials:credentials-play-services-auth:1.2.0-rc01] AndroidManifest.xml:39:13-45
194            android:theme="@style/Theme.Hidden" >
194-->[androidx.credentials:credentials-play-services-auth:1.2.0-rc01] AndroidManifest.xml:40:13-48
195        </activity>
196        <activity
196-->[com.google.android.gms:play-services-auth:21.4.0] AndroidManifest.xml:23:9-27:75
197            android:name="com.google.android.gms.auth.api.signin.internal.SignInHubActivity"
197-->[com.google.android.gms:play-services-auth:21.4.0] AndroidManifest.xml:24:13-93
198            android:excludeFromRecents="true"
198-->[com.google.android.gms:play-services-auth:21.4.0] AndroidManifest.xml:25:13-46
199            android:exported="false"
199-->[com.google.android.gms:play-services-auth:21.4.0] AndroidManifest.xml:26:13-37
200            android:theme="@android:style/Theme.Translucent.NoTitleBar" />
200-->[com.google.android.gms:play-services-auth:21.4.0] AndroidManifest.xml:27:13-72
201        <!--
202            Service handling Google Sign-In user revocation. For apps that do not integrate with
203            Google Sign-In, this service will never be started.
204        -->
205        <service
205-->[com.google.android.gms:play-services-auth:21.4.0] AndroidManifest.xml:33:9-37:51
206            android:name="com.google.android.gms.auth.api.signin.RevocationBoundService"
206-->[com.google.android.gms:play-services-auth:21.4.0] AndroidManifest.xml:34:13-89
207            android:exported="true"
207-->[com.google.android.gms:play-services-auth:21.4.0] AndroidManifest.xml:35:13-36
208            android:permission="com.google.android.gms.auth.api.signin.permission.REVOCATION_NOTIFICATION"
208-->[com.google.android.gms:play-services-auth:21.4.0] AndroidManifest.xml:36:13-107
209            android:visibleToInstantApps="true" />
209-->[com.google.android.gms:play-services-auth:21.4.0] AndroidManifest.xml:37:13-48
210
211        <activity
211-->[com.google.android.gms:play-services-base:18.5.0] AndroidManifest.xml:5:9-173
212            android:name="com.google.android.gms.common.api.GoogleApiActivity"
212-->[com.google.android.gms:play-services-base:18.5.0] AndroidManifest.xml:5:19-85
213            android:exported="false"
213-->[com.google.android.gms:play-services-base:18.5.0] AndroidManifest.xml:5:146-170
214            android:theme="@android:style/Theme.Translucent.NoTitleBar" />
214-->[com.google.android.gms:play-services-base:18.5.0] AndroidManifest.xml:5:86-145
215
216        <provider
216-->[com.google.firebase:firebase-common:21.0.0] AndroidManifest.xml:23:9-28:39
217            android:name="com.google.firebase.provider.FirebaseInitProvider"
217-->[com.google.firebase:firebase-common:21.0.0] AndroidManifest.xml:24:13-77
218            android:authorities="com.example.proffpresenceapp.firebaseinitprovider"
218-->[com.google.firebase:firebase-common:21.0.0] AndroidManifest.xml:25:13-72
219            android:directBootAware="true"
219-->[com.google.firebase:firebase-common:21.0.0] AndroidManifest.xml:26:13-43
220            android:exported="false"
220-->[com.google.firebase:firebase-common:21.0.0] AndroidManifest.xml:27:13-37
221            android:initOrder="100" />
221-->[com.google.firebase:firebase-common:21.0.0] AndroidManifest.xml:28:13-36
222
223        <meta-data
223-->[com.google.android.gms:play-services-basement:18.5.0] AndroidManifest.xml:21:9-23:69
224            android:name="com.google.android.gms.version"
224-->[com.google.android.gms:play-services-basement:18.5.0] AndroidManifest.xml:22:13-58
225            android:value="@integer/google_play_services_version" />
225-->[com.google.android.gms:play-services-basement:18.5.0] AndroidManifest.xml:23:13-66
226
227        <service
227-->[com.google.android.datatransport:transport-backend-cct:2.3.3] AndroidManifest.xml:29:9-35:19
228            android:name="com.google.android.datatransport.runtime.backends.TransportBackendDiscovery"
228-->[com.google.android.datatransport:transport-backend-cct:2.3.3] AndroidManifest.xml:30:13-103
229            android:exported="false" >
229-->[com.google.android.datatransport:transport-backend-cct:2.3.3] AndroidManifest.xml:31:13-37
230            <meta-data
230-->[com.google.android.datatransport:transport-backend-cct:2.3.3] AndroidManifest.xml:32:13-34:39
231                android:name="backend:com.google.android.datatransport.cct.CctBackendFactory"
231-->[com.google.android.datatransport:transport-backend-cct:2.3.3] AndroidManifest.xml:33:17-94
232                android:value="cct" />
232-->[com.google.android.datatransport:transport-backend-cct:2.3.3] AndroidManifest.xml:34:17-36
233        </service>
234
235        <receiver
235-->[androidx.profileinstaller:profileinstaller:1.3.1] AndroidManifest.xml:34:9-52:20
236            android:name="androidx.profileinstaller.ProfileInstallReceiver"
236-->[androidx.profileinstaller:profileinstaller:1.3.1] AndroidManifest.xml:35:13-76
237            android:directBootAware="false"
237-->[androidx.profileinstaller:profileinstaller:1.3.1] AndroidManifest.xml:36:13-44
238            android:enabled="true"
238-->[androidx.profileinstaller:profileinstaller:1.3.1] AndroidManifest.xml:37:13-35
239            android:exported="true"
239-->[androidx.profileinstaller:profileinstaller:1.3.1] AndroidManifest.xml:38:13-36
240            android:permission="android.permission.DUMP" >
240-->[androidx.profileinstaller:profileinstaller:1.3.1] AndroidManifest.xml:39:13-57
241            <intent-filter>
241-->[androidx.profileinstaller:profileinstaller:1.3.1] AndroidManifest.xml:40:13-42:29
242                <action android:name="androidx.profileinstaller.action.INSTALL_PROFILE" />
242-->[androidx.profileinstaller:profileinstaller:1.3.1] AndroidManifest.xml:41:17-91
242-->[androidx.profileinstaller:profileinstaller:1.3.1] AndroidManifest.xml:41:25-88
243            </intent-filter>
244            <intent-filter>
244-->[androidx.profileinstaller:profileinstaller:1.3.1] AndroidManifest.xml:43:13-45:29
245                <action android:name="androidx.profileinstaller.action.SKIP_FILE" />
245-->[androidx.profileinstaller:profileinstaller:1.3.1] AndroidManifest.xml:44:17-85
245-->[androidx.profileinstaller:profileinstaller:1.3.1] AndroidManifest.xml:44:25-82
246            </intent-filter>
247            <intent-filter>
247-->[androidx.profileinstaller:profileinstaller:1.3.1] AndroidManifest.xml:46:13-48:29
248                <action android:name="androidx.profileinstaller.action.SAVE_PROFILE" />
248-->[androidx.profileinstaller:profileinstaller:1.3.1] AndroidManifest.xml:47:17-88
248-->[androidx.profileinstaller:profileinstaller:1.3.1] AndroidManifest.xml:47:25-85
249            </intent-filter>
250            <intent-filter>
250-->[androidx.profileinstaller:profileinstaller:1.3.1] AndroidManifest.xml:49:13-51:29
251                <action android:name="androidx.profileinstaller.action.BENCHMARK_OPERATION" />
251-->[androidx.profileinstaller:profileinstaller:1.3.1] AndroidManifest.xml:50:17-95
251-->[androidx.profileinstaller:profileinstaller:1.3.1] AndroidManifest.xml:50:25-92
252            </intent-filter>
253        </receiver>
254
255        <service
255-->[com.google.android.datatransport:transport-runtime:2.2.6] AndroidManifest.xml:26:9-30:19
256            android:name="com.google.android.datatransport.runtime.scheduling.jobscheduling.JobInfoSchedulerService"
256-->[com.google.android.datatransport:transport-runtime:2.2.6] AndroidManifest.xml:27:13-117
257            android:exported="false"
257-->[com.google.android.datatransport:transport-runtime:2.2.6] AndroidManifest.xml:28:13-37
258            android:permission="android.permission.BIND_JOB_SERVICE" >
258-->[com.google.android.datatransport:transport-runtime:2.2.6] AndroidManifest.xml:29:13-69
259        </service>
260
261        <receiver
261-->[com.google.android.datatransport:transport-runtime:2.2.6] AndroidManifest.xml:32:9-34:40
262            android:name="com.google.android.datatransport.runtime.scheduling.jobscheduling.AlarmManagerSchedulerBroadcastReceiver"
262-->[com.google.android.datatransport:transport-runtime:2.2.6] AndroidManifest.xml:33:13-132
263            android:exported="false" />
263-->[com.google.android.datatransport:transport-runtime:2.2.6] AndroidManifest.xml:34:13-37
264    </application>
265
266</manifest>